[INFO] 16.10.2017 09:11:08 (RequestCommand.java:execute:19)Redirect to page for new request creating. 

[INFO] 16.10.2017 09:11:25 (StartPageCommand.java:execute:19)Redirect to start page (index.jsp) 

[INFO] 16.10.2017 09:11:44 (LoginPageCommand.java:execute:21)Redirect to login page 

[INFO] 16.10.2017 09:11:48 (LoginCommand.java:execute:24)Authentication checking. 

[INFO] 16.10.2017 09:11:48 (LoginCommand.java:checkAccessLevel:36)Administrator login into system. 

[INFO] 16.10.2017 09:11:50 (OpenRequestsCommand.java:execute:19)Get opened request from DB. Show them on page. 

[INFO] 16.10.2017 09:11:58 (OpenRequestsCommand.java:execute:19)Get opened request from DB. Show them on page. 

[INFO] 16.10.2017 09:12:02 (RoomExistenceCommand.java:execute:35)Checking for free rooms for current request. Request ¹5 

[INFO] 16.10.2017 09:12:03 (RoomExistenceCommand.java:execute:53)Found free rooms for request ¹5 

[INFO] 16.10.2017 09:12:13 (ToAdminMenuCommand.java:execute:19)Redirect to admin start page. 

[INFO] 16.10.2017 09:12:15 (StartPageCommand.java:execute:19)Redirect to start page (index.jsp) 

[INFO] 16.10.2017 09:33:29 (LoginPageCommand.java:execute:21)Redirect to login page 

[INFO] 16.10.2017 09:33:33 (LoginCommand.java:execute:24)Authentication checking. 

[INFO] 16.10.2017 09:33:33 (LoginCommand.java:checkAccessLevel:36)Administrator login into system. 

[INFO] 16.10.2017 09:33:36 (OpenRequestsCommand.java:execute:19)Get opened request from DB. Show them on page. 

[INFO] 16.10.2017 09:33:57 (RoomExistenceCommand.java:execute:35)Checking for free rooms for current request. Request ¹7 

[INFO] 16.10.2017 09:33:58 (RoomExistenceCommand.java:execute:53)Found free rooms for request ¹7 

[INFO] 16.10.2017 09:34:05 (CheckSendCommand.java:execute:42)Check calculation 

[INFO] 16.10.2017 09:34:13 (ToAdminMenuCommand.java:execute:19)Redirect to admin start page. 

[INFO] 16.10.2017 09:36:48 (OpenRequestsCommand.java:execute:19)Get opened request from DB. Show them on page. 

[INFO] 16.10.2017 09:36:53 (ToAdminMenuCommand.java:execute:19)Redirect to admin start page. 

[INFO] 16.10.2017 09:36:54 (StartPageCommand.java:execute:19)Redirect to start page (index.jsp) 

[INFO] 16.10.2017 09:55:46 (LoginPageCommand.java:execute:21)Redirect to login page 

[INFO] 16.10.2017 09:55:50 (LoginCommand.java:execute:24)Authentication checking. 

[INFO] 16.10.2017 09:55:50 (LoginCommand.java:checkAccessLevel:36)Administrator login into system. 

[INFO] 16.10.2017 09:55:52 (OpenRequestsCommand.java:execute:19)Get opened request from DB. Show them on page. 

[INFO] 16.10.2017 09:55:55 (RoomExistenceCommand.java:execute:35)Checking for free rooms for current request. Request ¹7 

[INFO] 16.10.2017 09:55:55 (RoomExistenceCommand.java:execute:53)Found free rooms for request ¹7 

[INFO] 16.10.2017 09:55:58 (CheckSendCommand.java:execute:42)Check calculation 

[INFO] 16.10.2017 09:56:04 (ToAdminMenuCommand.java:execute:19)Redirect to admin start page. 

[INFO] 17.10.2017 02:27:42 (Controller.java:<init>:26)Create controller object. 

[INFO] 17.10.2017 02:27:42 (LoginPageCommand.java:execute:19)Redirect to login page 

[INFO] 17.10.2017 02:28:47 (Controller.java:<init>:26)Create controller object. 

[INFO] 17.10.2017 02:28:47 (LoginPageCommand.java:execute:19)Redirect to login page 

[INFO] 17.10.2017 02:28:51 (LoginCommand.java:execute:26)Authentication checking. 

[INFO] 17.10.2017 02:28:51 (LoginCommand.java:checkAccessLevel:39)Administrator login into system. 

[INFO] 17.10.2017 02:29:28 (ToAdminMenuCommand.java:execute:19)Redirect to admin start page. 

[INFO] 17.10.2017 02:29:52 (LoginPageCommand.java:execute:19)Redirect to login page 

[INFO] 17.10.2017 02:34:56 (Controller.java:<init>:26)Create controller object. 

[INFO] 17.10.2017 02:34:56 (LoginPageCommand.java:execute:19)Redirect to login page 

[INFO] 17.10.2017 02:35:14 (LoginCommand.java:execute:26)Authentication checking. 

[INFO] 17.10.2017 02:35:14 (LoginCommand.java:checkAccessLevel:39)Administrator login into system. 

[INFO] 17.10.2017 02:35:15 (OpenRequestsCommand.java:execute:19)Get opened request from DB. Show them on page. 

[INFO] 17.10.2017 02:35:33 (LoginCommand.java:execute:26)Authentication checking. 

[INFO] 17.10.2017 02:35:33 (LoginCommand.java:checkAccessLevel:39)Administrator login into system. 

[INFO] 17.10.2017 02:35:34 (OpenRequestsCommand.java:execute:19)Get opened request from DB. Show them on page. 

[INFO] 17.10.2017 02:51:35 (Controller.java:<init>:26)Create controller object. 

[INFO] 17.10.2017 02:51:35 (LoginPageCommand.java:execute:19)Redirect to login page 

[INFO] 17.10.2017 02:51:53 (LoginCommand.java:execute:26)Authentication checking. 

[INFO] 17.10.2017 02:51:53 (LoginCommand.java:checkAccessLevel:39)Administrator login into system. 

[INFO] 17.10.2017 02:55:26 (Controller.java:<init>:26)Create controller object. 

[INFO] 17.10.2017 02:55:26 (LoginPageCommand.java:execute:19)Redirect to login page 

[INFO] 17.10.2017 02:55:57 (LoginCommand.java:execute:26)Authentication checking. 

[INFO] 17.10.2017 02:55:57 (LoginCommand.java:checkAccessLevel:39)Administrator login into system. 

[INFO] 17.10.2017 02:56:01 (LoginCommand.java:execute:26)Authentication checking. 

[INFO] 17.10.2017 02:56:01 (LoginCommand.java:checkAccessLevel:39)Administrator login into system. 

[INFO] 17.10.2017 02:57:40 (Controller.java:<init>:26)Create controller object. 

[INFO] 17.10.2017 02:57:40 (LoginPageCommand.java:execute:19)Redirect to login page 

[INFO] 17.10.2017 02:57:44 (LoginCommand.java:execute:26)Authentication checking. 

[INFO] 17.10.2017 02:57:44 (LoginCommand.java:checkAccessLevel:39)Administrator login into system. 

[INFO] 17.10.2017 02:57:45 (OpenRequestsCommand.java:execute:19)Get opened request from DB. Show them on page. 

[INFO] 17.10.2017 03:00:21 (Controller.java:<init>:26)Create controller object. 

[INFO] 17.10.2017 03:00:21 (LoginPageCommand.java:execute:19)Redirect to login page 

[INFO] 17.10.2017 08:57:26 (Controller.java:<init>:26)Create controller object. 

[INFO] 17.10.2017 08:57:26 (LoginPageCommand.java:execute:27)Redirect to login page 

[INFO] 17.10.2017 08:57:29 (LoginCommand.java:execute:32)Authentication checking. 

[INFO] 17.10.2017 08:57:29 (LoginCommand.java:checkAccessLevel:52)Administrator login into system. 

[INFO] 17.10.2017 09:11:49 (Controller.java:<init>:26)Create controller object. 

[INFO] 17.10.2017 09:11:49 (LoginPageCommand.java:execute:27)Redirect to login page 

[ERROR] 17.10.2017 09:11:52 (LoginCommand.java:execute:36)Something goes wrong. 

[INFO] 17.10.2017 09:11:55 (LoginPageCommand.java:execute:27)Redirect to login page 

[INFO] 17.10.2017 09:11:58 (LoginCommand.java:execute:32)Authentication checking. 

[INFO] 17.10.2017 09:11:58 (LoginCommand.java:checkAccessLevel:52)Administrator login into system. 

[INFO] 17.10.2017 09:12:00 (LoginPageCommand.java:execute:27)Redirect to login page 

[INFO] 17.10.2017 09:12:15 (LoginCommand.java:execute:32)Authentication checking. 

[INFO] 17.10.2017 09:12:15 (LoginCommand.java:checkAccessLevel:52)Administrator login into system. 

[INFO] 17.10.2017 09:12:16 (OpenRequestsCommand.java:execute:27)Get opened request from DB. Show them on page. 

[INFO] 17.10.2017 09:17:06 (Controller.java:<init>:26)Create controller object. 

[INFO] 17.10.2017 09:17:09 (LoginPageCommand.java:execute:27)Redirect to login page 

[INFO] 17.10.2017 09:17:14 (LoginCommand.java:execute:32)Authentication checking. 

[INFO] 17.10.2017 09:17:14 (LoginCommand.java:checkAccessLevel:52)Administrator login into system. 

[INFO] 17.10.2017 09:18:17 (Controller.java:<init>:26)Create controller object. 

[INFO] 17.10.2017 09:18:17 (LoginPageCommand.java:execute:27)Redirect to login page 

[INFO] 17.10.2017 09:21:17 (AdminSecureFilter.java:doFilter:35)Try to get access for admin resources without authentication. Redirect to login page. 

[INFO] 17.10.2017 09:21:21 (AdminSecureFilter.java:doFilter:35)Try to get access for admin resources without authentication. Redirect to login page. 

[INFO] 17.10.2017 09:21:27 (Controller.java:<init>:26)Create controller object. 

[INFO] 17.10.2017 09:21:28 (LoginCommand.java:execute:32)Authentication checking. 

[INFO] 17.10.2017 09:21:28 (LoginCommand.java:checkAccessLevel:52)Administrator login into system. 

[INFO] 17.10.2017 09:27:31 (AdminSecureFilter.java:doFilter:37)Try to get access for admin resources without authentication. Redirect to login page. 

[INFO] 17.10.2017 09:27:35 (Controller.java:<init>:26)Create controller object. 

[INFO] 17.10.2017 09:27:36 (LoginCommand.java:execute:32)Authentication checking. 

[INFO] 17.10.2017 09:27:36 (LoginCommand.java:checkAccessLevel:52)Administrator login into system. 

[INFO] 17.10.2017 09:27:37 (OpenRequestsCommand.java:execute:27)Get opened request from DB. Show them on page. 

[INFO] 17.10.2017 09:31:37 (AdminSecureFilter.java:doFilter:37)Try to get access for admin resources without authentication. Redirect to login page. 

[INFO] 17.10.2017 09:31:40 (Controller.java:<init>:26)Create controller object. 

[INFO] 17.10.2017 09:31:41 (LoginCommand.java:execute:32)Authentication checking. 

[INFO] 17.10.2017 09:31:41 (LoginCommand.java:checkAccessLevel:52)Administrator login into system. 

[INFO] 17.10.2017 09:31:43 (OpenRequestsCommand.java:execute:27)Get opened request from DB. Show them on page. 

[INFO] 17.10.2017 09:32:44 (RoomExistenceCommand.java:execute:44)Checking for free rooms for current request. Request ¹5 

[INFO] 17.10.2017 09:32:44 (RoomExistenceCommand.java:execute:62)Found free rooms for request ¹5 

[INFO] 17.10.2017 10:58:12 (Controller.java:<init>:26)Create controller object. 

[INFO] 17.10.2017 10:58:12 (RequestCommand.java:execute:28)Redirect to page for new request creating. 

[INFO] 17.10.2017 10:58:45 (SendRequestCommand.java:execute:35)Creating new request. 

[INFO] 17.10.2017 10:58:45 (SendRequestCommand.java:execute:52)Request was successfully created and sent. 

[INFO] 17.10.2017 10:58:48 (StartPageCommand.java:execute:27)Redirect to start page (index.jsp) 

[INFO] 17.10.2017 10:58:49 (RequestCommand.java:execute:28)Redirect to page for new request creating. 

[INFO] 17.10.2017 11:01:45 (Controller.java:<init>:26)Create controller object. 

[INFO] 17.10.2017 11:01:45 (RequestCommand.java:execute:28)Redirect to page for new request creating. 

[INFO] 17.10.2017 11:02:07 (SendRequestCommand.java:execute:35)Creating new request. 

[INFO] 17.10.2017 11:02:07 (SendRequestCommand.java:execute:54)Request was successfully created and sent. 

[INFO] 17.10.2017 11:02:08 (StartPageCommand.java:execute:27)Redirect to start page (index.jsp) 

[INFO] 17.10.2017 11:03:04 (Controller.java:<init>:26)Create controller object. 

[INFO] 17.10.2017 11:03:04 (RequestCommand.java:execute:28)Redirect to page for new request creating. 

[INFO] 17.10.2017 11:03:05 (RequestCommand.java:execute:28)Redirect to page for new request creating. 

[INFO] 17.10.2017 11:03:34 (SendRequestCommand.java:execute:35)Creating new request. 

[INFO] 17.10.2017 11:03:34 (SendRequestCommand.java:execute:54)Request was successfully created and sent. 

[INFO] 17.10.2017 11:03:35 (StartPageCommand.java:execute:27)Redirect to start page (index.jsp) 

[INFO] 17.10.2017 11:08:06 (Controller.java:<init>:26)Create controller object. 

[INFO] 17.10.2017 11:08:06 (RequestCommand.java:execute:28)Redirect to page for new request creating. 

[INFO] 17.10.2017 11:08:07 (RequestCommand.java:execute:28)Redirect to page for new request creating. 

[INFO] 17.10.2017 11:08:26 (SendRequestCommand.java:execute:35)Creating new request. 

[INFO] 17.10.2017 11:08:53 (SendRequestCommand.java:execute:35)Creating new request. 

[INFO] 17.10.2017 11:10:29 (Controller.java:<init>:26)Create controller object. 

[INFO] 17.10.2017 11:10:29 (RequestCommand.java:execute:28)Redirect to page for new request creating. 

[INFO] 17.10.2017 11:10:38 (SendRequestCommand.java:execute:35)Creating new request. 

[INFO] 17.10.2017 11:10:38 (SendRequestCommand.java:execute:57)Request was successfully created and sent. 

[INFO] 17.10.2017 11:10:41 (StartPageCommand.java:execute:27)Redirect to start page (index.jsp) 

[INFO] 17.10.2017 11:13:28 (Controller.java:<init>:26)Create controller object. 

[INFO] 17.10.2017 11:13:28 (RequestCommand.java:execute:28)Redirect to page for new request creating. 

[INFO] 17.10.2017 11:17:59 (Controller.java:<init>:26)Create controller object. 

[INFO] 17.10.2017 11:17:59 (RequestCommand.java:execute:28)Redirect to page for new request creating. 

[INFO] 17.10.2017 11:19:45 (Controller.java:<init>:26)Create controller object. 

[INFO] 17.10.2017 11:19:45 (RequestCommand.java:execute:28)Redirect to page for new request creating. 

[INFO] 17.10.2017 11:19:53 (SendRequestCommand.java:execute:35)Creating new request. 

[INFO] 17.10.2017 11:20:08 (StartPageCommand.java:execute:27)Redirect to start page (index.jsp) 

[INFO] 17.10.2017 11:20:10 (RequestCommand.java:execute:28)Redirect to page for new request creating. 

[INFO] 17.10.2017 11:21:26 (Controller.java:<init>:26)Create controller object. 

[INFO] 17.10.2017 11:21:26 (RequestCommand.java:execute:28)Redirect to page for new request creating. 

[INFO] 17.10.2017 11:21:36 (SendRequestCommand.java:execute:35)Creating new request. 

[INFO] 17.10.2017 11:21:41 (SendRequestCommand.java:execute:35)Creating new request. 

[INFO] 17.10.2017 11:24:00 (Controller.java:<init>:26)Create controller object. 

[INFO] 17.10.2017 11:24:00 (RequestCommand.java:execute:28)Redirect to page for new request creating. 

[INFO] 17.10.2017 11:24:07 (SendRequestCommand.java:execute:35)Creating new request. 

[INFO] 17.10.2017 11:25:38 (Controller.java:<init>:26)Create controller object. 

[INFO] 17.10.2017 11:25:38 (RequestCommand.java:execute:28)Redirect to page for new request creating. 

[INFO] 17.10.2017 11:25:56 (SendRequestCommand.java:execute:35)Creating new request. 

[INFO] 17.10.2017 11:26:02 (SendRequestCommand.java:execute:35)Creating new request. 

[INFO] 17.10.2017 11:26:05 (SendRequestCommand.java:execute:35)Creating new request. 

[INFO] 17.10.2017 11:31:16 (Controller.java:<init>:26)Create controller object. 

[INFO] 17.10.2017 11:31:16 (RequestCommand.java:execute:28)Redirect to page for new request creating. 

[INFO] 17.10.2017 11:31:25 (SendRequestCommand.java:execute:35)Creating new request. 

[INFO] 17.10.2017 11:31:29 (LoginPageCommand.java:execute:27)Redirect to login page 

[INFO] 17.10.2017 11:32:17 (Controller.java:<init>:26)Create controller object. 

[INFO] 17.10.2017 11:32:17 (RequestCommand.java:execute:28)Redirect to page for new request creating. 

[INFO] 17.10.2017 11:32:22 (SendRequestCommand.java:execute:35)Creating new request. 

[INFO] 17.10.2017 11:32:26 (SendRequestCommand.java:execute:35)Creating new request. 

[INFO] 17.10.2017 11:34:02 (Controller.java:<init>:26)Create controller object. 

[INFO] 17.10.2017 11:34:02 (RequestCommand.java:execute:28)Redirect to page for new request creating. 

[INFO] 17.10.2017 11:34:04 (SendRequestCommand.java:execute:35)Creating new request. 

[INFO] 17.10.2017 11:35:13 (Controller.java:<init>:26)Create controller object. 

[INFO] 17.10.2017 11:35:13 (RequestCommand.java:execute:28)Redirect to page for new request creating. 

[INFO] 17.10.2017 11:35:15 (SendRequestCommand.java:execute:35)Creating new request. 

[INFO] 17.10.2017 11:35:27 (SendRequestCommand.java:execute:35)Creating new request. 

[INFO] 17.10.2017 11:41:37 (Controller.java:<init>:26)Create controller object. 

[INFO] 17.10.2017 11:41:37 (RequestCommand.java:execute:28)Redirect to page for new request creating. 

[INFO] 17.10.2017 11:41:38 (RequestCommand.java:execute:28)Redirect to page for new request creating. 

[INFO] 17.10.2017 11:41:39 (SendRequestCommand.java:execute:34)Creating new request. 

[ERROR] 17.10.2017 11:41:39 (SendRequestCommand.java:execute:39)Invalid date in request 

[INFO] 17.10.2017 11:43:43 (LoginPageCommand.java:execute:27)Redirect to login page 

[INFO] 17.10.2017 11:43:49 (StartPageCommand.java:execute:27)Redirect to start page (index.jsp) 

[INFO] 17.10.2017 11:43:50 (RequestCommand.java:execute:28)Redirect to page for new request creating. 

[INFO] 17.10.2017 11:43:58 (SendRequestCommand.java:execute:34)Creating new request. 

[INFO] 17.10.2017 11:43:58 (SendRequestCommand.java:execute:67)Request was successfully created and sent. 

[INFO] 17.10.2017 11:43:59 (StartPageCommand.java:execute:27)Redirect to start page (index.jsp) 

[INFO] 17.10.2017 11:50:09 (Controller.java:<init>:26)Create controller object. 

[INFO] 17.10.2017 11:50:09 (RequestCommand.java:execute:28)Redirect to page for new request creating. 

[INFO] 17.10.2017 11:50:17 (SendRequestCommand.java:execute:34)Creating new request. 

[ERROR] 17.10.2017 11:50:17 (SendRequestCommand.java:execute:64)One ore more empty field in request. 

[INFO] 18.10.2017 12:34:07 (Controller.java:<init>:26)Create controller object. 

[INFO] 18.10.2017 12:34:07 (LoginPageCommand.java:execute:27)Redirect to login page 

[INFO] 18.10.2017 12:34:11 (LoginCommand.java:execute:32)Authentication checking. 

[INFO] 18.10.2017 12:34:11 (LoginCommand.java:checkAccessLevel:52)Administrator login into system. 

[INFO] 18.10.2017 12:34:12 (OpenRequestsCommand.java:execute:27)Get opened request from DB. Show them on page. 

[INFO] 18.10.2017 12:36:32 (Controller.java:<init>:26)Create controller object. 

[INFO] 18.10.2017 12:36:32 (LoginPageCommand.java:execute:27)Redirect to login page 

[INFO] 18.10.2017 12:36:35 (LoginCommand.java:execute:32)Authentication checking. 

[INFO] 18.10.2017 12:36:35 (LoginCommand.java:checkAccessLevel:52)Administrator login into system. 

[INFO] 18.10.2017 12:36:37 (OpenRequestsCommand.java:execute:27)Get opened request from DB. Show them on page. 

[INFO] 18.10.2017 01:00:29 (Controller.java:<init>:26)Create controller object. 

[INFO] 18.10.2017 01:00:29 (RequestCommand.java:execute:28)Redirect to page for new request creating. 

[INFO] 18.10.2017 01:02:20 (Controller.java:<init>:26)Create controller object. 

[INFO] 18.10.2017 01:02:20 (RequestCommand.java:execute:28)Redirect to page for new request creating. 

[INFO] 18.10.2017 01:03:55 (Controller.java:<init>:26)Create controller object. 

[INFO] 18.10.2017 01:03:55 (RequestCommand.java:execute:28)Redirect to page for new request creating. 

[INFO] 18.10.2017 01:07:13 (Controller.java:<init>:26)Create controller object. 

[INFO] 18.10.2017 01:07:13 (RequestCommand.java:execute:28)Redirect to page for new request creating. 

[INFO] 18.10.2017 01:09:14 (Controller.java:<init>:26)Create controller object. 

[INFO] 18.10.2017 01:09:14 (RequestCommand.java:execute:28)Redirect to page for new request creating. 

[INFO] 18.10.2017 01:15:07 (Controller.java:<init>:26)Create controller object. 

[INFO] 18.10.2017 01:15:07 (RequestCommand.java:execute:28)Redirect to page for new request creating. 

[INFO] 18.10.2017 01:15:12 (LoginPageCommand.java:execute:27)Redirect to login page 

[INFO] 18.10.2017 01:15:16 (LoginCommand.java:execute:32)Authentication checking. 

[INFO] 18.10.2017 01:15:16 (LoginCommand.java:checkAccessLevel:52)Administrator login into system. 

[INFO] 18.10.2017 01:15:17 (OpenRequestsCommand.java:execute:27)Get opened request from DB. Show them on page. 

[INFO] 18.10.2017 01:15:49 (OpenRequestsCommand.java:execute:27)Get opened request from DB. Show them on page. 

[INFO] 18.10.2017 01:17:30 (Controller.java:<init>:26)Create controller object. 

[INFO] 18.10.2017 01:17:30 (LoginPageCommand.java:execute:27)Redirect to login page 

[INFO] 18.10.2017 01:17:34 (LoginCommand.java:execute:32)Authentication checking. 

[INFO] 18.10.2017 01:17:34 (LoginCommand.java:checkAccessLevel:52)Administrator login into system. 

[INFO] 18.10.2017 01:17:36 (OpenRequestsCommand.java:execute:27)Get opened request from DB. Show them on page. 

[INFO] 18.10.2017 01:17:40 (OpenRequestsCommand.java:execute:27)Get opened request from DB. Show them on page. 

[INFO] 18.10.2017 01:17:46 (OpenRequestsCommand.java:execute:27)Get opened request from DB. Show them on page. 

[INFO] 18.10.2017 01:22:31 (Controller.java:<init>:26)Create controller object. 

[INFO] 18.10.2017 01:22:31 (LoginPageCommand.java:execute:27)Redirect to login page 

[INFO] 18.10.2017 01:22:34 (LoginCommand.java:execute:32)Authentication checking. 

[INFO] 18.10.2017 01:22:34 (LoginCommand.java:checkAccessLevel:52)Administrator login into system. 

[INFO] 18.10.2017 01:22:36 (OpenRequestsCommand.java:execute:27)Get opened request from DB. Show them on page. 

[INFO] 18.10.2017 01:22:58 (RoomExistenceCommand.java:execute:44)Checking for free rooms for current request. Request ¹3 

[INFO] 18.10.2017 01:22:58 (RoomExistenceCommand.java:execute:62)Found free rooms for request ¹3 

[INFO] 18.10.2017 02:42:06 (Controller.java:<init>:26)Create controller object. 

[INFO] 18.10.2017 02:42:06 (LanguageCommand.java:execute:21)Add to session language parameter. 

[INFO] 18.10.2017 02:42:08 (LanguageCommand.java:execute:21)Add to session language parameter. 

[INFO] 18.10.2017 02:42:09 (LoginPageCommand.java:execute:27)Redirect to login page 

[INFO] 18.10.2017 02:42:13 (RequestCommand.java:execute:28)Redirect to page for new request creating. 

[INFO] 18.10.2017 02:42:17 (LanguageCommand.java:execute:21)Add to session language parameter. 

[INFO] 18.10.2017 02:42:18 (LanguageCommand.java:execute:21)Add to session language parameter. 

[INFO] 18.10.2017 02:42:20 (LanguageCommand.java:execute:21)Add to session language parameter. 

[INFO] 18.10.2017 02:42:21 (LanguageCommand.java:execute:21)Add to session language parameter. 

[INFO] 18.10.2017 03:47:31 (Controller.java:<init>:26)Create controller object. 

[INFO] 18.10.2017 03:47:31 (LoginPageCommand.java:execute:27)Redirect to login page 

[INFO] 18.10.2017 03:47:38 (LoginCommand.java:execute:32)Authentication checking. 

[INFO] 18.10.2017 03:47:38 (LoginCommand.java:checkAccessLevel:52)Administrator login into system. 

[INFO] 18.10.2017 03:47:45 (RequestCommand.java:execute:28)Redirect to page for new request creating. 

[INFO] 18.10.2017 04:10:48 (Controller.java:<init>:26)Create controller object. 

[INFO] 18.10.2017 04:13:40 (Controller.java:<init>:26)Create controller object. 

[INFO] 18.10.2017 04:15:55 (Controller.java:<init>:26)Create controller object. 

[INFO] 18.10.2017 04:15:55 (LoginPageCommand.java:execute:27)Redirect to login page 

[INFO] 18.10.2017 04:17:34 (Controller.java:<init>:26)Create controller object. 

[INFO] 18.10.2017 04:17:41 (LoginPageCommand.java:execute:27)Redirect to login page 

[INFO] 18.10.2017 04:17:45 (StartPageCommand.java:execute:27)Redirect to start page (index.jsp) 

[INFO] 18.10.2017 04:26:01 (Controller.java:<init>:26)Create controller object. 

[INFO] 18.10.2017 04:26:01 (LoginPageCommand.java:execute:27)Redirect to login page 

[INFO] 18.10.2017 04:27:17 (Controller.java:<init>:26)Create controller object. 

[INFO] 18.10.2017 04:27:17 (LoginPageCommand.java:execute:27)Redirect to login page 

[ERROR] 18.10.2017 04:27:20 (LoginCommand.java:execute:36)Something goes wrong. 

[INFO] 18.10.2017 04:27:21 (LoginPageCommand.java:execute:27)Redirect to login page 

[INFO] 18.10.2017 04:27:23 (StartPageCommand.java:execute:27)Redirect to start page (index.jsp) 

[INFO] 18.10.2017 04:27:27 (LoginPageCommand.java:execute:27)Redirect to login page 

[INFO] 18.10.2017 04:27:31 (StartPageCommand.java:execute:27)Redirect to start page (index.jsp) 

[INFO] 18.10.2017 04:27:35 (LoginPageCommand.java:execute:27)Redirect to login page 

[INFO] 18.10.2017 04:28:10 (Controller.java:<init>:26)Create controller object. 

[INFO] 18.10.2017 04:28:10 (LoginPageCommand.java:execute:27)Redirect to login page 

[INFO] 18.10.2017 04:28:12 (StartPageCommand.java:execute:27)Redirect to start page (index.jsp) 

[INFO] 18.10.2017 04:28:16 (LoginPageCommand.java:execute:27)Redirect to login page 

[INFO] 18.10.2017 04:28:18 (StartPageCommand.java:execute:27)Redirect to start page (index.jsp) 

[INFO] 18.10.2017 04:29:18 (Controller.java:<init>:26)Create controller object. 

[INFO] 18.10.2017 04:29:18 (LoginPageCommand.java:execute:27)Redirect to login page 

[ERROR] 18.10.2017 04:29:29 (LoginCommand.java:execute:36)Something goes wrong. 

[INFO] 18.10.2017 04:29:31 (LoginPageCommand.java:execute:27)Redirect to login page 

[INFO] 18.10.2017 04:29:33 (LoginCommand.java:execute:32)Authentication checking. 

[INFO] 18.10.2017 04:29:33 (LoginCommand.java:checkAccessLevel:52)Administrator login into system. 

[INFO] 18.10.2017 04:29:35 (OpenRequestsCommand.java:execute:27)Get opened request from DB. Show them on page. 

[INFO] 18.10.2017 04:29:45 (RoomExistenceCommand.java:execute:44)Checking for free rooms for current request. Request ¹7 

[INFO] 18.10.2017 04:29:45 (RoomExistenceCommand.java:execute:62)Found free rooms for request ¹7 

[INFO] 18.10.2017 08:55:38 (Controller.java:<init>:26)Create controller object. 

[INFO] 18.10.2017 08:55:50 (LoginPageCommand.java:execute:27)Redirect to login page 

[INFO] 18.10.2017 08:58:12 (Controller.java:<init>:26)Create controller object. 

[INFO] 18.10.2017 08:58:17 (LoginPageCommand.java:execute:27)Redirect to login page 

[INFO] 18.10.2017 08:58:23 (StartPageCommand.java:execute:27)Redirect to start page (index.jsp) 

[INFO] 18.10.2017 08:58:26 (LoginPageCommand.java:execute:27)Redirect to login page 

[INFO] 18.10.2017 09:01:05 (Controller.java:<init>:26)Create controller object. 

[INFO] 18.10.2017 09:01:09 (LoginPageCommand.java:execute:27)Redirect to login page 

[INFO] 18.10.2017 09:01:17 (StartPageCommand.java:execute:27)Redirect to start page (index.jsp) 

[INFO] 18.10.2017 09:01:21 (LoginPageCommand.java:execute:27)Redirect to login page 

[INFO] 18.10.2017 09:05:09 (Controller.java:<init>:26)Create controller object. 

[INFO] 18.10.2017 09:05:11 (LoginPageCommand.java:execute:27)Redirect to login page 

[INFO] 18.10.2017 09:05:38 (StartPageCommand.java:execute:27)Redirect to start page (index.jsp) 

[INFO] 18.10.2017 09:05:42 (LoginPageCommand.java:execute:27)Redirect to login page 

[INFO] 18.10.2017 09:05:50 (StartPageCommand.java:execute:27)Redirect to start page (index.jsp) 

[INFO] 18.10.2017 09:06:57 (Controller.java:<init>:26)Create controller object. 

[INFO] 18.10.2017 09:06:59 (LoginPageCommand.java:execute:27)Redirect to login page 

[INFO] 18.10.2017 09:08:22 (Controller.java:<init>:26)Create controller object. 

[INFO] 18.10.2017 09:08:25 (LoginPageCommand.java:execute:27)Redirect to login page 

[INFO] 18.10.2017 09:08:28 (StartPageCommand.java:execute:27)Redirect to start page (index.jsp) 

[INFO] 18.10.2017 09:08:31 (LoginPageCommand.java:execute:27)Redirect to login page 

[INFO] 18.10.2017 09:24:31 (Controller.java:<init>:26)Create controller object. 

[INFO] 18.10.2017 09:24:31 (RequestCommand.java:execute:28)Redirect to page for new request creating. 

[INFO] 18.10.2017 09:24:43 (LoginPageCommand.java:execute:27)Redirect to login page 

[INFO] 18.10.2017 09:24:46 (StartPageCommand.java:execute:27)Redirect to start page (index.jsp) 

[INFO] 18.10.2017 09:24:47 (RequestCommand.java:execute:28)Redirect to page for new request creating. 

[INFO] 18.10.2017 09:26:18 (Controller.java:<init>:26)Create controller object. 

[INFO] 18.10.2017 09:26:18 (RequestCommand.java:execute:28)Redirect to page for new request creating. 

[INFO] 18.10.2017 09:26:29 (LoginPageCommand.java:execute:27)Redirect to login page 

[INFO] 18.10.2017 09:26:29 (LoginPageCommand.java:execute:27)Redirect to login page 

[INFO] 18.10.2017 09:26:32 (StartPageCommand.java:execute:27)Redirect to start page (index.jsp) 

[INFO] 18.10.2017 09:27:40 (Controller.java:<init>:26)Create controller object. 

[INFO] 18.10.2017 09:27:40 (RequestCommand.java:execute:28)Redirect to page for new request creating. 

[INFO] 18.10.2017 09:30:34 (Controller.java:<init>:26)Create controller object. 

[INFO] 18.10.2017 09:30:34 (RequestCommand.java:execute:28)Redirect to page for new request creating. 

[INFO] 18.10.2017 09:31:07 (RequestCommand.java:execute:28)Redirect to page for new request creating. 

[INFO] 18.10.2017 09:33:31 (Controller.java:<init>:26)Create controller object. 

[INFO] 18.10.2017 09:33:31 (RequestCommand.java:execute:28)Redirect to page for new request creating. 

[INFO] 18.10.2017 09:34:25 (Controller.java:<init>:26)Create controller object. 

[INFO] 18.10.2017 09:34:27 (RequestCommand.java:execute:28)Redirect to page for new request creating. 

[INFO] 18.10.2017 09:34:36 (RequestCommand.java:execute:28)Redirect to page for new request creating. 

[INFO] 18.10.2017 09:35:49 (Controller.java:<init>:26)Create controller object. 

[INFO] 18.10.2017 09:35:49 (RequestCommand.java:execute:28)Redirect to page for new request creating. 

[INFO] 18.10.2017 09:35:49 (RequestCommand.java:execute:28)Redirect to page for new request creating. 

[INFO] 18.10.2017 09:41:55 (Controller.java:<init>:26)Create controller object. 

[INFO] 18.10.2017 09:41:55 (RequestCommand.java:execute:28)Redirect to page for new request creating. 

[INFO] 18.10.2017 09:42:25 (StartPageCommand.java:execute:27)Redirect to start page (index.jsp) 

[INFO] 18.10.2017 09:42:28 (RequestCommand.java:execute:28)Redirect to page for new request creating. 

[INFO] 18.10.2017 09:42:33 (StartPageCommand.java:execute:27)Redirect to start page (index.jsp) 

[INFO] 18.10.2017 09:42:33 (StartPageCommand.java:execute:27)Redirect to start page (index.jsp) 

[INFO] 18.10.2017 09:44:31 (Controller.java:<init>:26)Create controller object. 

[INFO] 18.10.2017 09:44:31 (RequestCommand.java:execute:28)Redirect to page for new request creating. 

[INFO] 18.10.2017 09:44:31 (RequestCommand.java:execute:28)Redirect to page for new request creating. 

[INFO] 18.10.2017 09:44:40 (RequestCommand.java:execute:28)Redirect to page for new request creating. 

[INFO] 18.10.2017 09:45:44 (Controller.java:<init>:26)Create controller object. 

[INFO] 18.10.2017 09:45:45 (RequestCommand.java:execute:28)Redirect to page for new request creating. 

[INFO] 18.10.2017 09:46:29 (SendRequestCommand.java:execute:35)Creating new request. 

[INFO] 18.10.2017 09:46:29 (SendRequestCommand.java:execute:71)Request was successfully created and sent. 

[INFO] 18.10.2017 09:46:31 (StartPageCommand.java:execute:27)Redirect to start page (index.jsp) 

[INFO] 18.10.2017 09:46:34 (LoginPageCommand.java:execute:27)Redirect to login page 

[INFO] 18.10.2017 09:46:37 (LoginCommand.java:execute:32)Authentication checking. 

[INFO] 18.10.2017 09:46:37 (LoginCommand.java:checkAccessLevel:52)Administrator login into system. 

[INFO] 18.10.2017 09:46:38 (OpenRequestsCommand.java:execute:27)Get opened request from DB. Show them on page. 

[INFO] 18.10.2017 09:46:42 (RoomExistenceCommand.java:execute:44)Checking for free rooms for current request. Request ¹13 

[INFO] 18.10.2017 09:46:42 (RoomExistenceCommand.java:execute:62)Found free rooms for request ¹13 

[INFO] 18.10.2017 09:50:25 (Controller.java:<init>:26)Create controller object. 

[INFO] 18.10.2017 09:50:25 (LoginPageCommand.java:execute:27)Redirect to login page 

[INFO] 18.10.2017 09:50:31 (LoginCommand.java:execute:32)Authentication checking. 

[INFO] 18.10.2017 09:50:31 (LoginCommand.java:checkAccessLevel:52)Administrator login into system. 

[INFO] 18.10.2017 09:50:32 (OpenRequestsCommand.java:execute:27)Get opened request from DB. Show them on page. 

[INFO] 18.10.2017 09:50:34 (RoomExistenceCommand.java:execute:44)Checking for free rooms for current request. Request ¹13 

[INFO] 18.10.2017 09:50:34 (RoomExistenceCommand.java:execute:62)Found free rooms for request ¹13 

[INFO] 18.10.2017 09:50:51 (RoomExistenceCommand.java:execute:44)Checking for free rooms for current request. Request ¹4 

[INFO] 18.10.2017 09:50:51 (RoomExistenceCommand.java:execute:62)Found free rooms for request ¹4 

[INFO] 18.10.2017 09:50:55 (RoomExistenceCommand.java:execute:44)Checking for free rooms for current request. Request ¹7 

[INFO] 18.10.2017 09:50:55 (RoomExistenceCommand.java:execute:62)Found free rooms for request ¹7 

[INFO] 18.10.2017 10:52:59 (Controller.java:<init>:26)Create controller object. 

[INFO] 18.10.2017 10:53:03 (RequestCommand.java:execute:28)Redirect to page for new request creating. 

[INFO] 18.10.2017 10:53:09 (StartPageCommand.java:execute:27)Redirect to start page (index.jsp) 

[INFO] 18.10.2017 10:54:05 (LoginPageCommand.java:execute:27)Redirect to login page 

[INFO] 18.10.2017 10:54:10 (LoginCommand.java:execute:32)Authentication checking. 

[INFO] 18.10.2017 10:54:10 (LoginCommand.java:checkAccessLevel:52)Administrator login into system. 

[INFO] 18.10.2017 10:54:14 (OpenRequestsCommand.java:execute:27)Get opened request from DB. Show them on page. 

[INFO] 18.10.2017 10:54:16 (RoomExistenceCommand.java:execute:44)Checking for free rooms for current request. Request ¹7 

[INFO] 18.10.2017 10:54:16 (RoomExistenceCommand.java:execute:62)Found free rooms for request ¹7 

[INFO] 18.10.2017 10:54:19 (RoomExistenceCommand.java:execute:44)Checking for free rooms for current request. Request ¹13 

[INFO] 18.10.2017 10:54:19 (RoomExistenceCommand.java:execute:62)Found free rooms for request ¹13 

[INFO] 18.10.2017 10:54:21 (RoomExistenceCommand.java:execute:44)Checking for free rooms for current request. Request ¹5 

[INFO] 18.10.2017 10:54:21 (RoomExistenceCommand.java:execute:62)Found free rooms for request ¹5 

[INFO] 18.10.2017 10:54:24 (RoomExistenceCommand.java:execute:44)Checking for free rooms for current request. Request ¹7 

[INFO] 18.10.2017 10:54:24 (RoomExistenceCommand.java:execute:62)Found free rooms for request ¹7 

[INFO] 18.10.2017 10:54:26 (RoomExistenceCommand.java:execute:44)Checking for free rooms for current request. Request ¹7 

[INFO] 18.10.2017 10:54:26 (RoomExistenceCommand.java:execute:62)Found free rooms for request ¹7 

[INFO] 18.10.2017 10:54:29 (RoomExistenceCommand.java:execute:44)Checking for free rooms for current request. Request ¹4 

[INFO] 18.10.2017 10:54:29 (RoomExistenceCommand.java:execute:62)Found free rooms for request ¹4 

[INFO] 18.10.2017 10:54:31 (RoomExistenceCommand.java:execute:44)Checking for free rooms for current request. Request ¹13 

[INFO] 18.10.2017 10:54:31 (RoomExistenceCommand.java:execute:62)Found free rooms for request ¹13 

[INFO] 18.10.2017 10:54:34 (RoomExistenceCommand.java:execute:44)Checking for free rooms for current request. Request ¹13 

[INFO] 18.10.2017 10:54:34 (RoomExistenceCommand.java:execute:62)Found free rooms for request ¹13 

[INFO] 18.10.2017 10:54:35 (RoomExistenceCommand.java:execute:44)Checking for free rooms for current request. Request ¹7 

[INFO] 18.10.2017 10:54:35 (RoomExistenceCommand.java:execute:62)Found free rooms for request ¹7 

[INFO] 18.10.2017 10:54:41 (RoomExistenceCommand.java:execute:44)Checking for free rooms for current request. Request ¹4 

[INFO] 18.10.2017 10:54:41 (RoomExistenceCommand.java:execute:62)Found free rooms for request ¹4 

[INFO] 18.10.2017 10:54:44 (RoomExistenceCommand.java:execute:44)Checking for free rooms for current request. Request ¹3 

[INFO] 18.10.2017 10:54:44 (RoomExistenceCommand.java:execute:62)Found free rooms for request ¹3 

[INFO] 18.10.2017 10:54:46 (RoomExistenceCommand.java:execute:44)Checking for free rooms for current request. Request ¹5 

[INFO] 18.10.2017 10:54:46 (RoomExistenceCommand.java:execute:62)Found free rooms for request ¹5 

[INFO] 18.10.2017 10:54:49 (RoomExistenceCommand.java:execute:44)Checking for free rooms for current request. Request ¹13 

[INFO] 18.10.2017 10:54:49 (RoomExistenceCommand.java:execute:62)Found free rooms for request ¹13 

[INFO] 18.10.2017 10:54:51 (RoomExistenceCommand.java:execute:44)Checking for free rooms for current request. Request ¹7 

[INFO] 18.10.2017 10:54:51 (RoomExistenceCommand.java:execute:62)Found free rooms for request ¹7 

[INFO] 18.10.2017 10:54:53 (RoomExistenceCommand.java:execute:44)Checking for free rooms for current request. Request ¹5 

[INFO] 18.10.2017 10:54:53 (RoomExistenceCommand.java:execute:62)Found free rooms for request ¹5 

[INFO] 18.10.2017 10:54:55 (RoomExistenceCommand.java:execute:44)Checking for free rooms for current request. Request ¹4 

[INFO] 18.10.2017 10:54:55 (RoomExistenceCommand.java:execute:62)Found free rooms for request ¹4 

[INFO] 18.10.2017 10:55:00 (RoomExistenceCommand.java:execute:44)Checking for free rooms for current request. Request ¹13 

[INFO] 18.10.2017 10:55:00 (RoomExistenceCommand.java:execute:62)Found free rooms for request ¹13 

[INFO] 18.10.2017 10:55:03 (CheckSendCommand.java:execute:51)Check calculation 

[INFO] 18.10.2017 10:55:05 (ToAdminMenuCommand.java:execute:27)Redirect to admin start page. 

[INFO] 18.10.2017 10:55:18 (AdminSecureFilter.java:doFilter:37)Try to get access for admin resources without authentication. Redirect to login page. 

[INFO] 18.10.2017 10:55:28 (LoginCommand.java:execute:32)Authentication checking. 

[INFO] 18.10.2017 10:55:28 (LoginCommand.java:checkAccessLevel:52)Administrator login into system. 

[INFO] 18.10.2017 10:55:29 (OpenRequestsCommand.java:execute:27)Get opened request from DB. Show them on page. 

[INFO] 18.10.2017 10:55:38 (OpenRequestsCommand.java:execute:27)Get opened request from DB. Show them on page. 

[INFO] 18.10.2017 10:55:39 (RoomExistenceCommand.java:execute:44)Checking for free rooms for current request. Request ¹7 

[INFO] 18.10.2017 10:55:39 (RoomExistenceCommand.java:execute:62)Found free rooms for request ¹7 

[INFO] 18.10.2017 10:55:42 (RoomExistenceCommand.java:execute:44)Checking for free rooms for current request. Request ¹5 

[INFO] 18.10.2017 10:55:42 (RoomExistenceCommand.java:execute:62)Found free rooms for request ¹5 

[INFO] 18.10.2017 10:55:45 (RoomExistenceCommand.java:execute:44)Checking for free rooms for current request. Request ¹4 

[INFO] 18.10.2017 10:55:45 (RoomExistenceCommand.java:execute:62)Found free rooms for request ¹4 

[INFO] 18.10.2017 10:55:50 (RoomExistenceCommand.java:execute:44)Checking for free rooms for current request. Request ¹3 

[INFO] 18.10.2017 10:55:50 (RoomExistenceCommand.java:execute:62)Found free rooms for request ¹3 

[INFO] 18.10.2017 11:15:30 (Controller.java:<init>:26)Create controller object. 

[INFO] 18.10.2017 11:15:30 (RequestCommand.java:execute:28)Redirect to page for new request creating. 

[INFO] 18.10.2017 11:15:33 (StartPageCommand.java:execute:27)Redirect to start page (index.jsp) 

[INFO] 18.10.2017 11:15:39 (RequestCommand.java:execute:28)Redirect to page for new request creating. 

[INFO] 18.10.2017 11:15:43 (StartPageCommand.java:execute:27)Redirect to start page (index.jsp) 

[INFO] 18.10.2017 11:44:43 (Controller.java:<init>:26)Create controller object. 

[INFO] 18.10.2017 11:44:43 (RequestCommand.java:execute:28)Redirect to page for new request creating. 

[INFO] 18.10.2017 11:45:53 (SendRequestCommand.java:execute:35)Creating new request. 

[ERROR] 18.10.2017 11:45:53 (SendRequestCommand.java:execute:49)Invalid date in request 

[INFO] 18.10.2017 11:46:05 (LoginPageCommand.java:execute:27)Redirect to login page 

[INFO] 18.10.2017 11:46:19 (SendRequestCommand.java:execute:35)Creating new request. 

[ERROR] 18.10.2017 11:46:19 (SendRequestCommand.java:execute:54)Invalid date in request 

[INFO] 18.10.2017 11:46:22 (LoginPageCommand.java:execute:27)Redirect to login page 

[INFO] 18.10.2017 11:46:32 (SendRequestCommand.java:execute:35)Creating new request. 

[ERROR] 18.10.2017 11:46:32 (SendRequestCommand.java:execute:54)Invalid date in request 

[INFO] 18.10.2017 11:46:55 (SendRequestCommand.java:execute:35)Creating new request. 

[ERROR] 18.10.2017 11:46:55 (SendRequestCommand.java:execute:54)Invalid date in request 

[INFO] 18.10.2017 11:46:56 (LoginPageCommand.java:execute:27)Redirect to login page 

[INFO] 18.10.2017 11:47:08 (SendRequestCommand.java:execute:35)Creating new request. 

[INFO] 18.10.2017 11:47:08 (SendRequestCommand.java:execute:71)Request was successfully created and sent. 

[INFO] 18.10.2017 11:47:19 (StartPageCommand.java:execute:27)Redirect to start page (index.jsp) 

[INFO] 18.10.2017 11:47:39 (LoginPageCommand.java:execute:27)Redirect to login page 

[INFO] 18.10.2017 11:47:41 (LoginCommand.java:execute:32)Authentication checking. 

[INFO] 18.10.2017 11:47:41 (LoginCommand.java:checkAccessLevel:52)Administrator login into system. 

[INFO] 18.10.2017 11:47:43 (OpenRequestsCommand.java:execute:27)Get opened request from DB. Show them on page. 

[INFO] 18.10.2017 11:47:46 (RoomExistenceCommand.java:execute:44)Checking for free rooms for current request. Request ¹7 

[INFO] 18.10.2017 11:47:46 (RoomExistenceCommand.java:execute:62)Found free rooms for request ¹7 

[INFO] 18.10.2017 11:48:38 (RoomExistenceCommand.java:execute:44)Checking for free rooms for current request. Request ¹7 

[INFO] 18.10.2017 11:48:38 (RoomExistenceCommand.java:execute:62)Found free rooms for request ¹7 

[INFO] 18.10.2017 11:49:06 (CheckSendCommand.java:execute:51)Check calculation 

[INFO] 18.10.2017 11:49:19 (ToAdminMenuCommand.java:execute:27)Redirect to admin start page. 

[INFO] 18.10.2017 12:26:31 (Controller.java:<init>:26)Create controller object. 

[INFO] 18.10.2017 12:26:31 (LoginPageCommand.java:execute:27)Redirect to login page 

[INFO] 18.10.2017 12:26:36 (LoginCommand.java:execute:32)Authentication checking. 

[INFO] 18.10.2017 12:26:36 (LoginCommand.java:checkAccessLevel:52)Administrator login into system. 

[INFO] 18.10.2017 12:28:01 (Controller.java:<init>:26)Create controller object. 

[INFO] 18.10.2017 12:28:01 (LoginPageCommand.java:execute:27)Redirect to login page 

[INFO] 18.10.2017 12:28:05 (LoginCommand.java:execute:32)Authentication checking. 

[INFO] 18.10.2017 12:28:05 (LoginCommand.java:checkAccessLevel:52)Administrator login into system. 

[INFO] 18.10.2017 12:28:16 (OpenRequestsCommand.java:execute:27)Get opened request from DB. Show them on page. 

[INFO] 18.10.2017 12:32:51 (StartPageCommand.java:execute:27)Redirect to start page (index.jsp) 

[INFO] 18.10.2017 12:32:53 (RequestCommand.java:execute:28)Redirect to page for new request creating. 

[INFO] 18.10.2017 12:33:17 (SendRequestCommand.java:execute:35)Creating new request. 

[INFO] 18.10.2017 12:33:17 (SendRequestCommand.java:execute:71)Request was successfully created and sent. 

[INFO] 18.10.2017 12:33:18 (StartPageCommand.java:execute:27)Redirect to start page (index.jsp) 

[INFO] 18.10.2017 12:33:20 (LoginPageCommand.java:execute:27)Redirect to login page 

[INFO] 18.10.2017 12:33:23 (LoginCommand.java:execute:32)Authentication checking. 

[INFO] 18.10.2017 12:33:23 (LoginCommand.java:checkAccessLevel:52)Administrator login into system. 

[INFO] 18.10.2017 12:33:29 (OpenRequestsCommand.java:execute:27)Get opened request from DB. Show them on page. 

[INFO] 18.10.2017 12:41:33 (Controller.java:<init>:26)Create controller object. 

[INFO] 18.10.2017 12:41:33 (RequestCommand.java:execute:28)Redirect to page for new request creating. 

[INFO] 18.10.2017 12:41:58 (SendRequestCommand.java:execute:35)Creating new request. 

[INFO] 18.10.2017 12:41:58 (SendRequestCommand.java:execute:71)Request was successfully created and sent. 

[INFO] 18.10.2017 12:42:00 (StartPageCommand.java:execute:27)Redirect to start page (index.jsp) 

[INFO] 18.10.2017 12:42:03 (LoginPageCommand.java:execute:27)Redirect to login page 

[INFO] 18.10.2017 12:42:08 (LoginCommand.java:execute:32)Authentication checking. 

[INFO] 18.10.2017 12:42:08 (LoginCommand.java:checkAccessLevel:52)Administrator login into system. 

[INFO] 18.10.2017 12:42:09 (OpenRequestsCommand.java:execute:27)Get opened request from DB. Show them on page. 

[INFO] 18.10.2017 12:58:46 (Controller.java:<init>:26)Create controller object. 

[INFO] 18.10.2017 12:58:46 (RequestCommand.java:execute:28)Redirect to page for new request creating. 

[INFO] 18.10.2017 12:59:05 (SendRequestCommand.java:execute:35)Creating new request. 

[INFO] 18.10.2017 12:59:05 (SendRequestCommand.java:execute:72)Request was successfully created and sent. 

[INFO] 18.10.2017 12:59:10 (StartPageCommand.java:execute:27)Redirect to start page (index.jsp) 

[INFO] 18.10.2017 01:02:39 (Controller.java:<init>:26)Create controller object. 

[INFO] 18.10.2017 01:02:39 (RequestCommand.java:execute:28)Redirect to page for new request creating. 

[INFO] 18.10.2017 01:02:52 (SendRequestCommand.java:execute:35)Creating new request. 

[INFO] 18.10.2017 01:02:52 (SendRequestCommand.java:execute:72)Request was successfully created and sent. 

[INFO] 18.10.2017 01:02:53 (StartPageCommand.java:execute:27)Redirect to start page (index.jsp) 

[INFO] 18.10.2017 01:04:24 (Controller.java:<init>:26)Create controller object. 

[INFO] 18.10.2017 01:04:24 (RequestCommand.java:execute:28)Redirect to page for new request creating. 

[INFO] 18.10.2017 01:04:54 (SendRequestCommand.java:execute:35)Creating new request. 

[INFO] 18.10.2017 01:04:54 (SendRequestCommand.java:execute:72)Request was successfully created and sent. 

[INFO] 18.10.2017 01:04:55 (StartPageCommand.java:execute:27)Redirect to start page (index.jsp) 

[INFO] 18.10.2017 01:04:57 (LoginPageCommand.java:execute:27)Redirect to login page 

[INFO] 18.10.2017 01:05:00 (LoginCommand.java:execute:32)Authentication checking. 

[INFO] 18.10.2017 01:05:00 (LoginCommand.java:checkAccessLevel:52)Administrator login into system. 

[INFO] 18.10.2017 01:05:02 (OpenRequestsCommand.java:execute:27)Get opened request from DB. Show them on page. 

[INFO] 18.10.2017 01:06:18 (OpenRequestsCommand.java:execute:27)Get opened request from DB. Show them on page. 

